timestamp,frame_number,camera_center_x,camera_center_y,target_detected,target_class,target_confidence,bbox_x1,bbox_y1,bbox_x2,bbox_y2,target_center_x,target_center_y,smoothed_target_x,smoothed_target_y,pixel_error_x,pixel_error_y,distance_error,current_pan,current_tilt,target_pan,target_tilt,servo_command_pan,servo_command_tilt,processing_time_ms,tracking_enabled
1757781564.7401867,1,320,240,False,,0.0,0,0,0,0,0,0,0,0,0,0,0,0,0,0.0,0.0,0.0,0.0,1887.7432346343994,True
1757781564.7597885,2,320,240,False,,0.0,0,0,0,0,0,0,0,0,0,0,0,0,0,0.0,0.0,0.0,0.0,7.333517074584961,True
1757781564.7781017,3,320,240,False,,0.0,0,0,0,0,0,0,0,0,0,0,0,0,0,0.0,0.0,0.0,0.0,5.633115768432617,True
1757781564.789278,4,320,240,False,,0.0,0,0,0,0,0,0,0,0,0,0,0,0,0,0.0,0.0,0.0,0.0,5.200624465942383,True
1757781564.8095396,5,320,240,False,,0.0,0,0,0,0,0,0,0,0,0,0,0,0,0,0.0,0.0,0.0,0.0,5.311727523803711,True
1757781564.8431995,6,320,240,False,,0.0,0,0,0,0,0,0,0,0,0,0,0,0,0,0.0,0.0,0.0,0.0,6.767034530639648,True
1757781564.9120557,7,320,240,False,,0.0,0,0,0,0,0,0,0,0,0,0,0,0,0,0.0,0.0,0.0,0.0,7.188320159912109,True
1757781564.9238236,8,320,240,False,,0.0,0,0,0,0,0,0,0,0,0,0,0,0,0,0.0,0.0,0.0,0.0,4.996061325073242,True
1757781565.152687,9,320,240,False,,0.0,0,0,0,0,0,0,0,0,0,0,0,0,0,0.0,0.0,0.0,0.0,7.714748382568359,True
1757781565.1648655,10,320,240,False,,0.0,0,0,0,0,0,0,0,0,0,0,0,0,0,0.0,0.0,0.0,0.0,5.045413970947266,True
1757781565.177953,11,320,240,False,,0.0,0,0,0,0,0,0,0,0,0,0,0,0,0,0.0,0.0,0.0,0.0,6.431818008422852,True
1757781565.1910374,12,320,240,False,,0.0,0,0,0,0,0,0,0,0,0,0,0,0,0,0.0,0.0,0.0,0.0,6.448507308959961,True
1757781565.2877946,13,320,240,False,,0.0,0,0,0,0,0,0,0,0,0,0,0,0,0,0.0,0.0,0.0,0.0,6.962060928344727,True
1757781565.299481,14,320,240,False,,0.0,0,0,0,0,0,0,0,0,0,0,0,0,0,0.0,0.0,0.0,0.0,5.07664680480957,True
1757781565.3110216,15,320,240,False,,0.0,0,0,0,0,0,0,0,0,0,0,0,0,0,0.0,0.0,0.0,0.0,5.210638046264648,True
1757781565.3227465,16,320,240,False,,0.0,0,0,0,0,0,0,0,0,0,0,0,0,0,0.0,0.0,0.0,0.0,5.495309829711914,True
1757781565.3533921,17,320,240,False,,0.0,0,0,0,0,0,0,0,0,0,0,0,0,0,0.0,0.0,0.0,0.0,5.167484283447266,True
1757781565.488033,18,320,240,False,,0.0,0,0,0,0,0,0,0,0,0,0,0,0,0,0.0,0.0,0.0,0.0,7.1392059326171875,True
1757781565.5001493,19,320,240,False,,0.0,0,0,0,0,0,0,0,0,0,0,0,0,0,0.0,0.0,0.0,0.0,5.475521087646484,True
1757781565.511784,20,320,240,False,,0.0,0,0,0,0,0,0,0,0,0,0,0,0,0,0.0,0.0,0.0,0.0,5.048990249633789,True
1757781565.5229897,21,320,240,False,,0.0,0,0,0,0,0,0,0,0,0,0,0,0,0,0.0,0.0,0.0,0.0,5.029439926147461,True
1757781565.5531774,22,320,240,False,,0.0,0,0,0,0,0,0,0,0,0,0,0,0,0,0.0,0.0,0.0,0.0,4.909276962280273,True
1757781565.58973,23,320,240,False,,0.0,0,0,0,0,0,0,0,0,0,0,0,0,0,0.0,0.0,0.0,0.0,5.285501480102539,True
1757781565.7270687,24,320,240,False,,0.0,0,0,0,0,0,0,0,0,0,0,0,0,0,0.0,0.0,0.0,0.0,6.575345993041992,True
1757781565.7386053,25,320,240,False,,0.0,0,0,0,0,0,0,0,0,0,0,0,0,0,0.0,0.0,0.0,0.0,5.198955535888672,True
1757781565.7506008,26,320,240,False,,0.0,0,0,0,0,0,0,0,0,0,0,0,0,0,0.0,0.0,0.0,0.0,5.658388137817383,True
1757781565.761813,27,320,240,False,,0.0,0,0,0,0,0,0,0,0,0,0,0,0,0,0.0,0.0,0.0,0.0,4.985570907592773,True
1757781565.7951932,28,320,240,False,,0.0,0,0,0,0,0,0,0,0,0,0,0,0,0,0.0,0.0,0.0,0.0,6.384372711181641,True
1757781565.8257155,29,320,240,False,,0.0,0,0,0,0,0,0,0,0,0,0,0,0,0,0.0,0.0,0.0,0.0,4.973173141479492,True
1757781565.8617723,30,320,240,False,,0.0,0,0,0,0,0,0,0,0,0,0,0,0,0,0.0,0.0,0.0,0.0,5.228757858276367,True
1757781565.9318812,31,320,240,False,,0.0,0,0,0,0,0,0,0,0,0,0,0,0,0,0.0,0.0,0.0,0.0,6.667137145996094,True
1757781565.9439702,32,320,240,False,,0.0,0,0,0,0,0,0,0,0,0,0,0,0,0,0.0,0.0,0.0,0.0,5.27501106262207,True
1757781565.9618146,33,320,240,False,,0.0,0,0,0,0,0,0,0,0,0,0,0,0,0,0.0,0.0,0.0,0.0,5.080461502075195,True
1757781566.0645275,34,320,240,False,,0.0,0,0,0,0,0,0,0,0,0,0,0,0,0,0.0,0.0,0.0,0.0,7.295370101928711,True
1757781566.0765748,35,320,240,False,,0.0,0,0,0,0,0,0,0,0,0,0,0,0,0,0.0,0.0,0.0,0.0,5.064725875854492,True
1757781566.089855,36,320,240,False,,0.0,0,0,0,0,0,0,0,0,0,0,0,0,0,0.0,0.0,0.0,0.0,6.929636001586914,True
1757781566.1015599,37,320,240,False,,0.0,0,0,0,0,0,0,0,0,0,0,0,0,0,0.0,0.0,0.0,0.0,5.162715911865234,True
1757781566.129132,38,320,240,False,,0.0,0,0,0,0,0,0,0,0,0,0,0,0,0,0.0,0.0,0.0,0.0,4.897117614746094,True
1757781566.1654687,39,320,240,False,,0.0,0,0,0,0,0,0,0,0,0,0,0,0,0,0.0,0.0,0.0,0.0,5.161762237548828,True
1757781566.2359552,40,320,240,False,,0.0,0,0,0,0,0,0,0,0,0,0,0,0,0,0.0,0.0,0.0,0.0,6.691932678222656,True
1757781566.247778,41,320,240,False,,0.0,0,0,0,0,0,0,0,0,0,0,0,0,0,0.0,0.0,0.0,0.0,5.16819953918457,True
1757781566.2652743,42,320,240,False,,0.0,0,0,0,0,0,0,0,0,0,0,0,0,0,0.0,0.0,0.0,0.0,4.981517791748047,True
1757781566.301689,43,320,240,False,,0.0,0,0,0,0,0,0,0,0,0,0,0,0,0,0.0,0.0,0.0,0.0,4.983425140380859,True
1757781566.334435,44,320,240,False,,0.0,0,0,0,0,0,0,0,0,0,0,0,0,0,0.0,0.0,0.0,0.0,5.639553070068359,True
1757781566.4720733,45,320,240,False,,0.0,0,0,0,0,0,0,0,0,0,0,0,0,0,0.0,0.0,0.0,0.0,6.775617599487305,True
1757781566.484903,46,320,240,False,,0.0,0,0,0,0,0,0,0,0,0,0,0,0,0,0.0,0.0,0.0,0.0,5.990743637084961,True
1757781566.4970021,47,320,240,False,,0.0,0,0,0,0,0,0,0,0,0,0,0,0,0,0.0,0.0,0.0,0.0,5.669116973876953,True
1757781566.5104415,48,320,240,False,,0.0,0,0,0,0,0,0,0,0,0,0,0,0,0,0.0,0.0,0.0,0.0,5.667209625244141,True
1757781566.5380564,49,320,240,False,,0.0,0,0,0,0,0,0,0,0,0,0,0,0,0,0.0,0.0,0.0,0.0,5.818605422973633,True
1757781566.5741177,50,320,240,False,,0.0,0,0,0,0,0,0,0,0,0,0,0,0,0,0.0,0.0,0.0,0.0,5.672693252563477,True
1757781566.8818233,51,320,240,True,person,0.7088375687599182,433,173,494,360,463,266,463,266,143,26,145.34441853748632,0,0,14.3,-2.08,0.0,0.0,8.197307586669922,True
1757781566.8945196,52,320,240,True,person,0.7285052537918091,430,172,495,364,463,268,462,267,142,27,144.5441109142811,0,0,14.200000000000001,-2.16,0.0,0.0,6.3915252685546875,True
1757781566.9034858,53,320,240,True,,0.0,0,0,0,0,0,0,462,267,142,27,144.5441109142811,0,0,0.0,0.0,2.0,-2.0,0.0,True
1757781566.9117646,54,320,240,True,person,0.7269737124443054,429,172,494,364,461,268,462,267,142,27,144.5441109142811,2.0,-2.0,14.200000000000001,-2.16,0.0,0.0,7.494449615478516,True
1757781566.9567125,55,320,240,True,,0.0,0,0,0,0,0,0,462,267,142,27,144.5441109142811,2.0,-2.0,0.0,0.0,4.0,-2.16,0.0,True
1757781566.9801915,56,320,240,True,person,0.703899621963501,427,170,490,361,459,265,461,266,141,26,143.37712509323097,4.0,-2.16,14.100000000000001,-2.08,0.0,0.0,7.734537124633789,True
1757781566.994838,57,320,240,True,person,0.7237647175788879,428,172,490,365,459,268,460,267,140,27,142.57980221616245,4.0,-2.16,14.0,-2.16,0.0,0.0,7.466316223144531,True
1757781567.0101058,58,320,240,True,,0.0,0,0,0,0,0,0,460,267,140,27,142.57980221616245,4.0,-2.16,0.0,0.0,6.0,-2.16,0.0,True
1757781567.0161433,59,320,240,True,person,0.7404094934463501,425,164,490,359,457,261,459,265,139,25,141.23030836190935,6.0,-2.16,13.9,-2.0,0.0,0.0,7.857322692871094,True
1757781567.0632854,60,320,240,True,,0.0,0,0,0,0,0,0,459,265,139,25,141.23030836190935,6.0,-2.16,0.0,0.0,8.0,-2.0,0.0,True
1757781567.084391,61,320,240,True,person,0.7404094934463501,425,164,490,359,457,261,459,265,139,25,141.23030836190935,8.0,-2.0,13.9,-2.0,0.0,0.0,7.408857345581055,True
1757781567.0989888,62,320,240,True,person,0.7404094934463501,425,164,490,359,457,261,458,265,138,25,140.24621207005913,8.0,-2.0,13.8,-2.0,0.0,0.0,7.014989852905273,True
1757781567.1205883,63,320,240,True,,0.0,0,0,0,0,0,0,458,265,138,25,140.24621207005913,8.0,-2.0,0.0,0.0,10.0,-2.0,0.0,True
1757781567.1778884,64,320,240,True,,0.0,0,0,0,0,0,0,458,265,138,25,140.24621207005913,10.0,-2.0,0.0,0.0,12.0,-2.0,0.0,True
1757781567.1849697,65,320,240,True,person,0.7956661581993103,357,148,423,343,390,246,440,260,120,20,121.6552506059644,12.0,-2.0,12.0,-1.6,0.0,0.0,8.124351501464844,True
1757781567.1997106,66,320,240,True,person,0.7587178945541382,382,150,453,346,417,248,435,257,115,17,116.2497311824849,12.0,-2.0,11.5,-1.36,0.0,0.0,6.988763809204102,True
1757781567.2142375,67,320,240,True,person,0.7830644845962524,370,149,435,343,402,246,429,255,109,15,110.0272693471941,12.0,-2.0,10.9,-1.2,0.0,0.0,6.966352462768555,True
1757781567.229878,68,320,240,True,person,0.7703928351402283,348,148,411,345,379,247,421,254,101,14,101.96568050084302,12.0,-2.0,10.100000000000001,-1.12,0.0,0.0,8.026599884033203,True
1757781567.2352984,69,320,240,True,,0.0,0,0,0,0,0,0,421,254,101,14,101.96568050084302,12.0,-2.0,0.0,0.0,10.100000000000001,-1.12,0.0,True
1757781567.2516985,70,320,240,True,person,0.7666336297988892,336,148,398,344,367,246,414,253,94,13,94.89467845985885,10.100000000000001,-1.12,9.4,-1.04,0.0,0.0,7.427453994750977,True
1757781567.2878163,71,320,240,True,person,0.8057652711868286,327,148,392,344,360,246,407,252,87,12,87.82368700982668,9.4,-1.12,8.700000000000001,-0.96,0.0,0.0,7.538318634033203,True
1757781567.288453,72,320,240,True,,0.0,0,0,0,0,0,0,407,252,87,12,87.82368700982668,10.100000000000001,-1.12,0.0,0.0,9.4,-1.04,0.0,True
1757781567.3192363,73,320,240,True,person,0.8323588371276855,325,146,394,352,359,249,397,250,77,10,77.64663547121665,9.4,-1.04,7.7,-0.8,0.0,0.0,6.93511962890625,True
1757781567.3416762,74,320,240,True,,0.0,0,0,0,0,0,0,397,250,77,10,77.64663547121665,9.4,-1.04,0.0,0.0,7.7,-0.8,0.0,True
1757781567.3514776,75,320,240,True,person,0.8038495182991028,325,145,395,355,360,250,387,249,67,9,67.60177512462228,7.7,-0.8,6.7,-0.72,0.0,0.0,7.188081741333008,True
1757781567.3876164,76,320,240,True,person,0.7897900938987732,324,145,392,364,358,254,379,249,59,9,59.682493245507096,7.7,-0.8,5.9,-0.72,0.0,0.0,7.320880889892578,True
1757781567.3950708,77,320,240,True,,0.0,0,0,0,0,0,0,379,249,59,9,59.682493245507096,7.7,-0.8,0.0,0.0,5.9,-0.72,0.0,True
1757781567.4203558,78,320,240,True,person,0.7694657444953918,325,145,392,361,359,253,371,248,51,8,51.62363799656123,5.9,-0.72,5.1000000000000005,-0.64,0.0,0.0,8.077144622802734,True
1757781567.448184,79,320,240,True,,0.0,0,0,0,0,0,0,371,248,51,8,51.62363799656123,5.9,-0.72,0.0,0.0,5.1000000000000005,-0.64,0.0,True
1757781567.454966,80,320,240,True,person,0.7598947286605835,338,148,406,366,372,257,370,250,50,10,50.99019513592785,5.1000000000000005,-0.64,0.0,0.0,0.0,0.0,6.609678268432617,True
1757781567.4866512,81,320,240,True,person,0.7932705283164978,356,151,429,372,393,262,370,252,50,12,51.419840528729765,5.1000000000000005,-0.64,0.0,0.0,0.0,0.0,6.319522857666016,True
1757781567.5228024,82,320,240,True,person,0.8143650889396667,368,152,430,383,399,267,372,254,52,14,53.85164807134504,5.1000000000000005,-0.64,5.2,-1.12,0.0,0.0,6.420612335205078,True
1757781567.555532,83,320,240,True,person,0.8001443147659302,371,155,429,388,400,271,375,257,55,17,57.56735185849702,5.1000000000000005,-0.64,5.5,-1.36,0.0,0.0,7.212400436401367,True
1757781567.591004,84,320,240,True,person,0.8391022682189941,371,156,430,393,400,274,379,260,59,20,62.297672508690084,5.1000000000000005,-0.64,5.9,-1.6,0.0,0.0,6.70170783996582,True
1757781567.604023,85,320,240,True,,0.0,0,0,0,0,0,0,379,260,59,20,62.297672508690084,5.1000000000000005,-0.64,0.0,0.0,5.9,-1.6,0.0,True
1757781567.662309,86,320,240,True,person,0.8315990567207336,367,157,432,399,400,278,383,263,63,23,67.06713054842886,5.9,-1.6,6.300000000000001,-1.84,0.0,0.0,8.13603401184082,True
1757781567.6759322,87,320,240,True,person,0.8082484602928162,370,157,431,398,401,277,387,266,67,26,71.8679344353238,5.9,-1.6,6.7,-2.08,0.0,0.0,6.46662712097168,True
1757781567.710349,88,320,240,True,,0.0,0,0,0,0,0,0,387,266,67,26,71.8679344353238,5.9,-1.6,0.0,0.0,6.7,-2.08,0.0,True
1757781567.7952454,89,320,240,True,person,0.8549043536186218,358,147,429,400,393,273,390,268,70,28,75.39230729988306,6.7,-2.08,7.0,-2.24,0.0,0.0,6.768703460693359,True
1757781567.8100007,90,320,240,True,person,0.8515376448631287,361,152,430,400,395,276,393,270,73,30,78.92401408950256,6.7,-2.08,7.300000000000001,-2.4,0.0,0.0,8.218050003051758,True
1757781567.8168886,91,320,240,True,,0.0,0,0,0,0,0,0,393,270,73,30,78.92401408950256,6.7,-2.08,0.0,0.0,7.300000000000001,-2.4,0.0,True
1757781567.8232992,92,320,240,True,person,0.8528922200202942,360,149,429,404,394,277,395,272,75,32,81.54140052758476,7.300000000000001,-2.4,7.5,-2.56,0.0,0.0,6.847143173217773,True
1757781567.8367178,93,320,240,True,person,0.8758633732795715,356,142,428,390,392,266,396,272,76,32,82.46211251235322,7.300000000000001,-2.4,7.6000000000000005,-2.56,0.0,0.0,6.751775741577148,True
1757781567.8629968,94,320,240,True,person,0.8916789293289185,354,138,428,406,391,272,395,273,75,33,81.93900170248598,7.300000000000001,-2.4,7.5,-2.64,0.0,0.0,6.706476211547852,True
1757781567.932712,95,320,240,True,person,0.8924887776374817,347,126,422,403,385,265,394,272,74,32,80.62257748298549,7.300000000000001,-2.4,7.4,-2.56,0.0,0.0,7.7533721923828125,True
1757781567.9470444,96,320,240,True,person,0.8845163583755493,352,133,427,397,389,265,393,271,73,31,79.30952023559341,7.300000000000001,-2.4,7.300000000000001,-2.48,0.0,0.0,7.058382034301758,True
1757781567.9959183,97,320,240,True,person,0.8957381248474121,318,121,406,410,362,265,388,270,68,30,74.32361670424818,7.300000000000001,-2.4,6.800000000000001,-2.4,0.0,0.0,7.582187652587891,True
1757781568.0106928,98,320,240,True,person,0.8855788707733154,336,123,414,406,375,265,385,269,65,29,71.17583859709698,7.300000000000001,-2.4,6.5,-2.32,0.0,0.0,6.903886795043945,True
1757781568.0215967,99,320,240,True,,0.0,0,0,0,0,0,0,385,269,65,29,71.17583859709698,7.300000000000001,-2.4,0.0,0.0,6.5,-2.32,0.0,True
1757781568.0312796,100,320,240,True,person,0.8895071148872375,305,121,398,412,351,266,380,268,60,28,66.2117814289874,6.5,-2.32,6.0,-2.24,0.0,0.0,7.014989852905273,True
1757781568.199645,101,320,240,True,person,0.8788295984268188,293,117,383,426,338,272,373,268,53,28,59.941638282582836,6.5,-2.32,5.300000000000001,-2.24,0.0,0.0,7.126569747924805,True
1757781568.213039,102,320,240,True,person,0.9036861658096313,294,119,388,417,341,268,367,267,47,27,54.20332093147061,6.5,-2.32,0.0,0.0,0.0,0.0,6.570100784301758,True
1757781568.2279847,103,320,240,True,person,0.8950860500335693,295,119,386,422,341,270,362,267,42,27,49.92995093127971,6.5,-2.32,0.0,0.0,0.0,0.0,6.270170211791992,True
1757781568.2405906,104,320,240,True,person,0.8677607774734497,293,117,382,427,337,272,356,268,36,28,45.60701700396552,6.5,-2.32,0.0,0.0,0.0,0.0,6.241321563720703,True
1757781568.2659178,105,320,240,True,person,0.8803852200508118,291,115,378,428,334,272,351,268,31,28,41.773197148410844,6.5,-2.32,0.0,0.0,0.0,0.0,5.646705627441406,True
1757781568.3023226,106,320,240,True,person,0.8941434621810913,288,112,375,428,332,270,346,269,26,29,38.948684188300895,6.5,-2.32,0.0,0.0,0.0,0.0,5.743265151977539,True
1757781568.3344893,107,320,240,True,person,0.906340479850769,284,111,374,429,329,270,341,269,21,29,35.805027579936315,6.5,-2.32,0.0,0.0,0.0,0.0,5.689859390258789,True
1757781568.3710077,108,320,240,True,person,0.9128596782684326,281,109,373,429,327,269,338,269,18,29,34.132096331752024,6.5,-2.32,0.0,0.0,0.0,0.0,6.145238876342773,True
1757781568.40229,109,320,240,True,person,0.9009906649589539,278,107,371,428,324,268,333,269,13,29,31.78049716414141,6.5,-2.32,0.0,0.0,0.0,0.0,5.69915771484375,True
1757781568.4392202,110,320,240,True,person,0.8967572450637817,276,104,369,429,322,266,331,269,11,29,31.016124838541646,6.5,-2.32,0.0,0.0,0.0,0.0,6.188631057739258,True
1757781568.470549,111,320,240,True,person,0.8990347981452942,273,101,367,430,320,266,329,268,9,28,29.410882339705484,6.5,-2.32,0.0,0.0,0.0,0.0,5.702495574951172,True
1757781568.5065129,112,320,240,True,person,0.8987931609153748,270,100,365,430,317,265,326,268,6,28,28.635642126552707,6.5,-2.32,0.0,0.0,0.0,0.0,5.761384963989258,True
1757781568.642023,113,320,240,True,person,0.9102132320404053,261,96,358,446,309,271,323,268,3,28,28.160255680657446,6.5,-2.32,0.0,0.0,0.0,0.0,7.380247116088867,True
1757781568.6547632,114,320,240,True,person,0.9061377048492432,265,98,362,437,313,267,321,268,1,28,28.0178514522438,6.5,-2.32,0.0,0.0,0.0,0.0,5.9337615966796875,True
1757781568.6672304,115,320,240,True,person,0.9085274338722229,263,97,360,442,312,270,319,268,-1,28,28.0178514522438,6.5,-2.32,0.0,0.0,0.0,0.0,5.887269973754883,True
1757781568.6794236,116,320,240,True,person,0.9100075364112854,258,95,357,446,308,270,316,268,-4,28,28.284271247461902,6.5,-2.32,0.0,0.0,0.0,0.0,5.808353424072266,True
1757781568.7062469,117,320,240,True,person,0.9102598428726196,255,94,356,448,306,271,314,268,-6,28,28.635642126552707,6.5,-2.32,0.0,0.0,0.0,0.0,5.807638168334961,True
1757781568.7431278,118,320,240,True,person,0.904201865196228,253,92,355,455,304,274,312,269,-8,29,30.083217912982647,6.5,-2.32,0.0,0.0,0.0,0.0,6.235361099243164,True
1757781568.774156,119,320,240,True,person,0.9023812413215637,251,91,353,461,302,276,310,270,-10,30,31.622776601683793,6.5,-2.32,0.0,0.0,0.0,0.0,5.430459976196289,True
1757781568.8106768,120,320,240,True,person,0.9001374840736389,248,89,352,467,300,278,307,271,-13,31,33.61547262794322,6.5,-2.32,0.0,0.0,0.0,0.0,5.83958625793457,True
1757781568.8421848,121,320,240,True,person,0.9021051526069641,246,85,351,473,298,279,305,272,-15,32,35.34119409414458,6.5,-2.32,0.0,0.0,0.0,0.0,5.722761154174805,True
1757781568.878296,122,320,240,True,person,0.8939469456672668,243,83,350,474,297,278,303,274,-17,34,38.01315561749642,6.5,-2.32,0.0,0.0,0.0,0.0,5.749225616455078,True
1757781568.9098861,123,320,240,True,person,0.9044502377510071,241,80,348,474,295,277,302,274,-18,34,38.47076812334269,6.5,-2.32,0.0,0.0,0.0,0.0,5.445957183837891,True
1757781568.946603,124,320,240,True,person,0.9028622508049011,238,76,347,474,293,275,300,275,-20,35,40.311288741492746,6.5,-2.32,0.0,0.0,0.0,0.0,5.844593048095703,True
1757781568.9782257,125,320,240,True,person,0.905189573764801,234,72,345,473,290,273,298,275,-22,35,41.340053217188775,6.5,-2.32,0.0,0.0,0.0,0.0,5.699396133422852,True
1757781569.0145853,126,320,240,True,person,0.9047681093215942,231,69,343,470,287,270,295,275,-25,35,43.01162633521314,6.5,-2.32,0.0,0.0,0.0,0.0,5.940437316894531,True
1757781569.116029,127,320,240,True,person,0.9113002419471741,222,60,340,473,281,267,293,274,-27,34,43.41658669218482,6.5,-2.32,0.0,0.0,0.0,0.0,6.979227066040039,True
1757781569.128585,128,320,240,True,person,0.9150119423866272,229,65,342,452,285,259,291,272,-29,32,43.18564576337837,6.5,-2.32,0.0,0.0,0.0,0.0,5.817174911499023,True
1757781569.1407049,129,320,240,True,person,0.9148898720741272,226,62,341,463,283,263,289,270,-31,30,43.139309220245984,6.5,-2.32,0.0,0.0,0.0,0.0,5.744457244873047,True
1757781569.1538923,130,320,240,True,person,0.9059833884239197,216,54,339,479,277,267,287,269,-33,29,43.93176527297759,6.5,-2.32,0.0,0.0,0.0,0.0,6.412029266357422,True
1757781569.182501,131,320,240,True,person,0.8934684991836548,206,52,337,480,271,266,284,268,-36,28,45.60701700396552,6.5,-2.32,0.0,0.0,0.0,0.0,5.901098251342773,True
1757781569.3532348,132,320,240,True,person,0.9021570682525635,189,43,325,477,257,260,279,266,-41,26,48.54894437575342,6.5,-2.32,0.0,0.0,0.0,0.0,8.016824722290039,True
1757781569.3654792,133,320,240,True,person,0.8987091779708862,190,46,330,479,260,263,276,265,-44,25,50.60632371551998,6.5,-2.32,0.0,0.0,0.0,0.0,5.715847015380859,True
1757781569.3773813,134,320,240,True,person,0.9042607545852661,189,44,328,478,259,261,272,264,-48,24,53.665631459994955,6.5,-2.32,0.0,0.0,0.0,0.0,5.720376968383789,True
1757781569.3894818,135,320,240,True,person,0.9068875908851624,186,39,322,478,254,258,268,262,-52,22,56.462376853972415,6.5,-2.32,-5.2,-1.76,0.0,0.0,5.915403366088867,True
1757781569.4191284,136,320,240,True,person,0.9029944539070129,180,32,319,478,249,255,265,261,-55,21,58.872744118140105,6.5,-2.32,-5.5,-1.68,0.0,0.0,6.736040115356445,True
1757781569.4307861,137,320,240,True,,0.0,0,0,0,0,0,0,265,261,-55,21,58.872744118140105,6.5,-2.32,0.0,0.0,4.5,-1.68,0.0,True
1757781569.4550717,138,320,240,True,person,0.9191925525665283,175,30,314,478,245,254,261,260,-59,20,62.297672508690084,4.5,-1.68,-5.9,-1.6,0.0,0.0,6.696462631225586,True
1757781569.488095,139,320,240,True,,0.0,0,0,0,0,0,0,261,260,-59,20,62.297672508690084,4.5,-1.68,0.0,0.0,2.5,-1.6,0.0,True
1757781569.4906437,140,320,240,True,person,0.921623706817627,171,26,311,477,241,252,256,258,-64,18,66.48308055437865,2.5,-1.6,-6.4,-1.44,0.0,0.0,10.279655456542969,True
1757781569.524633,141,320,240,True,person,0.9218143224716187,166,18,310,479,238,248,252,257,-68,17,70.09279563550022,2.5,-1.6,-6.800000000000001,-1.36,0.0,0.0,8.27336311340332,True
1757781569.5453954,142,320,240,True,,0.0,0,0,0,0,0,0,252,257,-68,17,70.09279563550022,2.5,-1.6,0.0,0.0,0.5,-1.36,0.0,True
1757781569.6027622,143,320,240,True,,0.0,0,0,0,0,0,0,252,257,-68,17,70.09279563550022,0.5,-1.36,0.0,0.0,-1.5,-1.36,0.0,True
1757781569.6600878,144,320,240,True,,0.0,0,0,0,0,0,0,255,254,-65,14,66.49060083951716,-1.5,-1.36,0.0,0.0,-3.5,-1.36,0.0,True
1757781569.6604042,145,320,240,True,person,0.9375739097595215,209,1,367,480,288,240,255,254,-65,14,66.49060083951716,-3.5,-1.36,-6.5,-1.12,0.0,0.0,7.5836181640625,True
1757781569.6734767,146,320,240,True,person,0.9257981777191162,190,12,340,480,265,246,256,252,-64,12,65.11528238439882,-3.5,-1.36,-6.4,-0.96,0.0,0.0,6.66046142578125,True
1757781569.6885474,147,320,240,True,person,0.9445510506629944,204,6,358,480,281,243,259,250,-61,10,61.814237842102365,-3.5,-1.36,-6.1000000000000005,-0.8,0.0,0.0,8.305788040161133,True
1757781569.701547,148,320,240,True,person,0.9342198967933655,212,0,372,480,292,240,263,248,-57,8,57.55866572463264,-3.5,-1.36,-5.7,-0.64,0.0,0.0,6.661891937255859,True
1757781569.713173,149,320,240,True,,0.0,0,0,0,0,0,0,263,248,-57,8,57.55866572463264,-3.5,-1.36,0.0,0.0,-5.5,-0.64,0.0,True
1757781569.7286582,150,320,240,True,person,0.9244248270988464,215,0,377,479,296,239,268,246,-52,6,52.3450093132096,-5.5,-0.64,-5.2,-0.48,0.0,0.0,8.035898208618164,True
1757781569.7961714,151,320,240,True,person,0.9477498531341553,225,0,392,480,309,240,275,244,-45,4,45.17742799230607,-5.5,-0.64,0.0,0.0,0.0,0.0,7.109403610229492,True
1757781569.8085876,152,320,240,True,person,0.9388466477394104,220,0,385,480,302,240,280,243,-40,3,40.11234224026316,-5.5,-0.64,0.0,0.0,0.0,0.0,6.316423416137695,True
1757781569.82636,153,320,240,True,person,0.9530696272850037,231,0,403,480,317,240,287,242,-33,2,33.06055050963308,-5.5,-0.64,0.0,0.0,0.0,0.0,5.805015563964844,True
1757781569.862688,154,320,240,True,person,0.9487703442573547,234,0,409,479,321,239,295,241,-25,1,25.019992006393608,-5.5,-0.64,0.0,0.0,0.0,0.0,6.032228469848633,True
1757781569.8944309,155,320,240,True,person,0.94452965259552,234,0,413,480,323,240,302,240,-18,0,18.0,-5.5,-0.64,0.0,0.0,0.0,0.0,5.925416946411133,True
1757781569.9266315,156,320,240,True,person,0.9475052356719971,232,0,416,480,324,240,306,240,-14,0,14.0,-5.5,-0.64,0.0,0.0,0.0,0.0,5.724191665649414,True
1757781569.9623835,157,320,240,True,person,0.9478746056556702,231,0,419,479,325,239,311,239,-9,-1,9.055385138137417,-5.5,-0.64,0.0,0.0,0.0,0.0,5.870342254638672,True
1757781569.9945073,158,320,240,True,person,0.9493527412414551,230,0,422,479,326,239,315,239,-5,-1,5.0990195135927845,-5.5,-0.64,0.0,0.0,0.0,0.0,5.671024322509766,True
1757781570.030614,159,320,240,True,person,0.9434624910354614,229,0,425,479,327,239,318,239,-2,-1,2.23606797749979,-5.5,-0.64,0.0,0.0,0.0,0.0,5.748271942138672,True
1757781570.1330757,160,320,240,True,person,0.9480326175689697,225,0,435,479,330,239,321,239,1,-1,1.4142135623730951,-5.5,-0.64,0.0,0.0,0.0,0.0,7.466793060302734,True
1757781570.1453583,161,320,240,True,person,0.944681704044342,228,0,429,479,328,239,323,239,3,-1,3.1622776601683795,-5.5,-0.64,0.0,0.0,0.0,0.0,5.684137344360352,True
1757781570.1572962,162,320,240,True,person,0.9511147737503052,226,0,432,479,329,239,325,239,5,-1,5.0990195135927845,-5.5,-0.64,0.0,0.0,0.0,0.0,5.778312683105469,True
1757781570.1697433,163,320,240,True,person,0.9450801610946655,224,1,438,480,331,240,327,239,7,-1,7.0710678118654755,-5.5,-0.64,0.0,0.0,0.0,0.0,6.03795051574707,True
1757781570.1980152,164,320,240,True,person,0.9438639879226685,224,1,441,480,332,240,328,239,8,-1,8.06225774829855,-5.5,-0.64,0.0,0.0,0.0,0.0,5.552768707275391,True
1757781570.3046093,165,320,240,True,person,0.9431439638137817,224,0,450,480,337,240,329,239,9,-1,9.055385138137417,-5.5,-0.64,0.0,0.0,0.0,0.0,7.34257698059082,True
1757781570.3170385,166,320,240,True,person,0.9461140036582947,224,0,444,480,334,240,330,239,10,-1,10.04987562112089,-5.5,-0.64,0.0,0.0,0.0,0.0,5.880832672119141,True
1757781570.3294353,167,320,240,True,person,0.945794403553009,223,1,448,480,335,240,331,239,11,-1,11.045361017187261,-5.5,-0.64,0.0,0.0,0.0,0.0,6.288290023803711,True
1757781570.3416576,168,320,240,True,person,0.938845157623291,224,0,454,480,339,240,332,239,12,-1,12.041594578792296,-5.5,-0.64,0.0,0.0,0.0,0.0,5.693197250366211,True
1757781570.3701053,169,320,240,True,person,0.9433662295341492,225,0,456,480,341,240,334,239,14,-1,14.035668847618199,-5.5,-0.64,0.0,0.0,0.0,0.0,5.618810653686523,True
1757781570.5084026,170,320,240,True,person,0.9374272227287292,228,0,477,480,353,240,337,239,17,-1,17.029386365926403,-5.5,-0.64,0.0,0.0,0.0,0.0,7.101297378540039,True
1757781570.52117,171,320,240,True,person,0.9455392956733704,226,0,465,480,346,240,339,239,19,-1,19.026297590440446,-5.5,-0.64,0.0,0.0,0.0,0.0,5.805730819702148,True
1757781570.5332506,172,320,240,True,person,0.9420445561408997,227,0,471,480,349,240,341,240,21,0,21.0,-5.5,-0.64,0.0,0.0,0.0,0.0,5.820989608764648,True
1757781570.5451782,173,320,240,True,person,0.9324069619178772,231,0,483,480,357,240,343,240,23,0,23.0,-5.5,-0.64,0.0,0.0,0.0,0.0,5.787372589111328,True
1757781570.6072614,174,320,240,True,person,0.9027206301689148,237,0,510,480,374,240,348,240,28,0,28.0,-5.5,-0.64,0.0,0.0,0.0,0.0,6.256818771362305,True
1757781570.6188812,175,320,240,True,person,0.9269435405731201,234,0,493,480,363,240,351,240,31,0,31.0,-5.5,-0.64,0.0,0.0,0.0,0.0,5.457401275634766,True
1757781570.6382298,176,320,240,True,person,0.9006993174552917,240,0,519,480,380,240,356,240,36,0,36.0,-5.5,-0.64,0.0,0.0,0.0,0.0,5.467891693115234,True
1757781570.707951,177,320,240,True,person,0.8811429738998413,248,0,541,479,394,239,362,239,42,-1,42.01190307520001,-5.5,-0.64,0.0,0.0,0.0,0.0,6.612300872802734,True
1757781570.7194963,178,320,240,True,person,0.8996760249137878,244,0,530,479,387,239,367,239,47,-1,47.01063709417264,-5.5,-0.64,0.0,0.0,0.0,0.0,5.414724349975586,True
1757781570.7426188,179,320,240,True,person,0.8522357940673828,253,0,554,480,403,240,374,239,54,-1,54.00925846556311,-5.5,-0.64,5.4,0.08,0.0,0.0,5.737543106079102,True
1757781570.7700877,180,320,240,True,,0.0,0,0,0,0,0,0,374,239,54,-1,54.00925846556311,-5.5,-0.64,0.0,0.0,-3.5,0.07999999999999996,0.0,True
1757781570.7751768,181,320,240,True,person,0.8394980430603027,258,0,561,480,410,240,380,239,60,-1,60.00833275470999,-3.5,0.07999999999999996,6.0,0.08,0.0,0.0,6.687402725219727,True
1757781570.8104503,182,320,240,True,person,0.8747604489326477,264,0,589,479,427,239,389,239,69,-1,69.00724599634447,-3.5,0.07999999999999996,6.9,0.08,0.0,0.0,6.097316741943359,True
1757781570.823311,183,320,240,True,,0.0,0,0,0,0,0,0,389,239,69,-1,69.00724599634447,-3.5,0.07999999999999996,0.0,0.0,-1.5,0.08,0.0,True
1757781570.8804688,184,320,240,True,,0.0,0,0,0,0,0,0,389,239,69,-1,69.00724599634447,-1.5,0.08,0.0,0.0,0.5,0.08,0.0,True
1757781570.9124336,185,320,240,True,person,0.890663743019104,276,0,633,478,454,239,400,239,80,-1,80.00624975587844,0.5,0.08,8.0,0.08,0.0,0.0,7.23719596862793,True
1757781570.9277527,186,320,240,True,person,0.8604247570037842,267,0,605,479,436,239,408,239,88,-1,88.0056816347672,0.5,0.08,8.8,0.08,0.0,0.0,7.913827896118164,True
1757781570.9337204,187,320,240,True,,0.0,0,0,0,0,0,0,408,239,88,-1,88.0056816347672,0.5,0.08,0.0,0.0,2.5,0.08,0.0,True
1757781570.9413607,188,320,240,True,person,0.8810324668884277,273,0,633,478,453,239,416,239,96,-1,96.00520819205592,2.5,0.08,9.600000000000001,0.08,0.0,0.0,6.852388381958008,True
1757781570.9548414,189,320,240,True,person,0.9148247241973877,269,0,626,478,448,239,424,239,104,-1,104.00480758118829,2.5,0.08,10.4,0.08,0.0,0.0,6.7195892333984375,True
1757781570.9869606,190,320,240,True,,0.0,0,0,0,0,0,0,424,239,104,-1,104.00480758118829,2.5,0.08,0.0,0.0,4.5,0.08,0.0,True
1757781571.040318,191,320,240,True,,0.0,0,0,0,0,0,0,424,239,104,-1,104.00480758118829,4.5,0.08,0.0,0.0,6.5,0.08,0.0,True
1757781571.093555,192,320,240,True,,0.0,0,0,0,0,0,0,424,239,104,-1,104.00480758118829,6.5,0.08,0.0,0.0,8.5,0.08,0.0,True
1757781571.1163712,193,320,240,True,person,0.9174833297729492,279,0,635,478,457,239,431,239,111,-1,111.00450441310929,8.5,0.08,11.100000000000001,0.08,0.0,0.0,7.468223571777344,True
1757781571.1292043,194,320,240,True,person,0.9283884763717651,266,0,631,478,449,239,436,239,116,-1,116.00431026474836,8.5,0.08,11.600000000000001,0.08,0.0,0.0,6.260156631469727,True
1757781571.1431873,195,320,240,True,person,0.9312596321105957,272,0,632,479,452,239,442,239,122,-1,122.00409829181969,8.5,0.08,12.200000000000001,0.08,0.0,0.0,7.464408874511719,True
1757781571.1467109,196,320,240,True,,0.0,0,0,0,0,0,0,442,239,122,-1,122.00409829181969,8.5,0.08,0.0,0.0,10.5,0.08,0.0,True
1757781571.1571445,197,320,240,True,person,0.9091126918792725,287,0,638,478,462,239,447,239,127,-1,127.00393694685216,10.5,0.08,12.700000000000001,0.08,0.0,0.0,6.794214248657227,True
1757781571.1843042,198,320,240,True,person,0.9147416353225708,295,0,640,478,467,239,452,239,132,-1,132.00378782444085,10.5,0.08,13.200000000000001,0.08,0.0,0.0,7.67064094543457,True
1757781571.1999378,199,320,240,True,,0.0,0,0,0,0,0,0,452,239,132,-1,132.00378782444085,10.5,0.08,0.0,0.0,12.5,0.08,0.0,True
1757781571.2188642,200,320,240,True,person,0.8881876468658447,309,0,639,478,474,239,456,239,136,-1,136.0036764208968,12.5,0.08,13.600000000000001,0.08,0.0,0.0,6.414175033569336,True
1757781571.2514539,201,320,240,True,person,0.8835772275924683,320,0,639,477,479,238,460,238,140,-2,140.0142849854971,13.600000000000001,0.08,14.0,0.16,0.0,0.0,6.838083267211914,True
1757781571.2531962,202,320,240,True,,0.0,0,0,0,0,0,0,460,238,140,-2,140.0142849854971,12.5,0.08,0.0,0.0,13.600000000000001,0.08,0.0,True
1757781571.2826562,203,320,240,True,person,0.8474392294883728,324,0,639,478,482,239,464,238,144,-2,144.01388821915754,13.600000000000001,0.08,14.4,0.16,0.0,0.0,6.211042404174805,True
1757781571.3065133,204,320,240,True,,0.0,0,0,0,0,0,0,464,238,144,-2,144.01388821915754,13.600000000000001,0.08,0.0,0.0,14.4,0.16,0.0,True
1757781571.3191135,205,320,240,True,person,0.729525625705719,334,0,639,477,487,238,468,238,148,-2,148.0135128966271,14.4,0.16,14.8,0.16,0.0,0.0,6.687402725219727,True
1757781571.5567427,206,320,240,True,person,0.729525625705719,334,0,639,477,487,238,470,238,150,-2,150.0133327407934,14.4,0.16,15.0,0.16,0.0,0.0,7.8334808349609375,True
1757781571.5645976,207,320,240,True,,0.0,0,0,0,0,0,0,470,238,150,-2,150.0133327407934,14.4,0.16,0.0,0.0,15.0,0.16,0.0,True
1757781571.5695457,208,320,240,True,person,0.6517471671104431,399,0,639,479,519,239,476,238,156,-2,156.01281998605114,15.0,0.16,15.600000000000001,0.16,0.0,0.0,6.591558456420898,True
1757781571.5831711,209,320,240,True,person,0.6517471671104431,399,0,639,479,519,239,478,238,158,-2,158.01265772082945,15.0,0.16,15.8,0.16,0.0,0.0,6.957530975341797,True
1757781571.5975175,210,320,240,True,person,0.5344839096069336,272,1,639,475,455,238,475,238,155,-2,155.0129026887762,15.0,0.16,15.5,0.16,0.0,0.0,7.343769073486328,True
1757781571.6594625,211,320,240,True,person,0.5344839096069336,272,1,639,475,455,238,477,238,157,-2,157.01273833673497,15.0,0.16,15.700000000000001,0.16,0.0,0.0,6.765604019165039,True
1757781571.671393,212,320,240,True,,0.0,0,0,0,0,0,0,477,238,157,-2,157.01273833673497,15.0,0.16,0.0,0.0,15.700000000000001,0.16,0.0,True
1757781571.6742988,213,320,240,True,person,0.5344839096069336,272,1,639,475,455,238,479,238,159,-2,159.0125781188394,15.700000000000001,0.16,15.9,0.16,0.0,0.0,8.580923080444336,True
1757781571.6914186,214,320,240,True,person,0.5344839096069336,272,1,639,475,455,238,481,238,161,-2,161.01242188104618,15.700000000000001,0.16,16.1,0.16,0.0,0.0,6.920337677001953,True
1757781571.7272441,215,320,240,True,person,0.5344839096069336,272,1,639,475,455,238,483,238,163,-2,163.01226947687098,15.700000000000001,0.16,16.3,0.16,0.0,0.0,6.716728210449219,True
1757781571.7589664,216,320,240,True,person,0.6292569637298584,503,0,639,470,571,235,499,237,179,-3,179.02513789968157,15.700000000000001,0.16,17.900000000000002,0.24,0.0,0.0,6.420612335205078,True
1757781571.7776854,217,320,240,True,,0.0,0,0,0,0,0,0,499,237,179,-3,179.02513789968157,15.700000000000001,0.16,0.0,0.0,17.700000000000003,0.24,0.0,True
1757781571.7956114,218,320,240,True,person,0.5964422821998596,516,0,639,457,578,229,512,236,192,-4,192.04166214652486,17.700000000000003,0.24,19.200000000000003,0.32,0.0,0.0,7.18235969543457,True
1757781571.827099,219,320,240,True,person,0.5964422821998596,516,0,639,457,578,229,517,236,197,-4,197.0406049523803,17.700000000000003,0.24,19.700000000000003,0.32,0.0,0.0,6.583690643310547,True
1757781571.8350525,220,320,240,True,,0.0,0,0,0,0,0,0,517,236,197,-4,197.0406049523803,17.700000000000003,0.24,0.0,0.0,19.700000000000003,0.32,0.0,True
1757781571.863229,221,320,240,True,person,0.5964422821998596,516,0,639,457,578,229,522,235,202,-5,202.06187171260194,19.700000000000003,0.32,20.200000000000003,0.4,0.0,0.0,6.7768096923828125,True
1757781571.894682,222,320,240,True,person,0.5964422821998596,516,0,639,457,578,229,529,235,209,-5,209.0598000573042,19.700000000000003,0.32,20.900000000000002,0.4,0.0,0.0,6.250858306884766,True
1757781571.9283113,223,320,240,True,person,0.5964422821998596,516,0,639,457,578,229,538,234,218,-6,218.08255317654368,19.700000000000003,0.32,21.8,0.48,0.0,0.0,7.9193115234375,True
1757781571.9416015,224,320,240,True,,0.0,0,0,0,0,0,0,538,234,218,-6,218.08255317654368,19.700000000000003,0.32,0.0,0.0,21.700000000000003,0.48,0.0,True
1757781571.9635563,225,320,240,True,person,0.5964422821998596,516,0,639,457,578,229,548,233,228,-7,228.1074308302998,21.700000000000003,0.48,22.8,0.56,0.0,0.0,7.112741470336914,True
1757781571.9989457,226,320,240,True,,0.0,0,0,0,0,0,0,548,233,228,-7,228.1074308302998,21.700000000000003,0.48,0.0,0.0,22.8,0.56,0.0,True
1757781572.031408,227,320,240,True,person,0.5964422821998596,516,0,639,457,578,229,575,231,255,-9,255.15877409957903,22.8,0.56,25.5,0.72,0.0,0.0,6.797075271606445,True
1757781572.0451958,228,320,240,True,person,0.5964422821998596,516,0,639,457,578,229,578,229,258,-11,258.2343896540505,22.8,0.56,25.8,0.88,0.0,0.0,7.624387741088867,True
1757781572.05632,229,320,240,True,,0.0,0,0,0,0,0,0,578,229,258,-11,258.2343896540505,22.8,0.56,0.0,0.0,24.8,0.88,0.0,True
1757781572.0626166,230,320,240,False,,0.0,0,0,0,0,0,0,0,0,0,0,0,24.8,0.88,0.0,0.0,0.0,0.0,6.116151809692383,True
1757781572.0992815,231,320,240,False,,0.0,0,0,0,0,0,0,0,0,0,0,0,24.8,0.88,0.0,0.0,0.0,0.0,6.418466567993164,True
1757781572.1302345,232,320,240,False,,0.0,0,0,0,0,0,0,0,0,0,0,0,24.8,0.88,0.0,0.0,0.0,0.0,5.796194076538086,True
1757781572.1682816,233,320,240,False,,0.0,0,0,0,0,0,0,0,0,0,0,0,24.8,0.88,0.0,0.0,0.0,0.0,7.009744644165039,True
1757781572.1985104,234,320,240,False,,0.0,0,0,0,0,0,0,0,0,0,0,0,24.8,0.88,0.0,0.0,0.0,0.0,5.54203987121582,True
1757781572.3048594,235,320,240,False,,0.0,0,0,0,0,0,0,0,0,0,0,0,24.8,0.88,0.0,0.0,0.0,0.0,7.253885269165039,True
1757781572.3176363,236,320,240,False,,0.0,0,0,0,0,0,0,0,0,0,0,0,24.8,0.88,0.0,0.0,0.0,0.0,6.236791610717773,True
1757781572.3315582,237,320,240,False,,0.0,0,0,0,0,0,0,0,0,0,0,0,24.8,0.88,0.0,0.0,0.0,0.0,7.516145706176758,True
1757781572.3439481,238,320,240,False,,0.0,0,0,0,0,0,0,0,0,0,0,0,24.8,0.88,0.0,0.0,0.0,0.0,5.804300308227539,True
1757781572.3700073,239,320,240,False,,0.0,0,0,0,0,0,0,0,0,0,0,0,24.8,0.88,0.0,0.0,0.0,0.0,5.457639694213867,True
1757781572.4018574,240,320,240,False,,0.0,0,0,0,0,0,0,0,0,0,0,0,24.8,0.88,0.0,0.0,0.0,0.0,5.27644157409668,True
1757781572.54032,241,320,240,False,,0.0,0,0,0,0,0,0,0,0,0,0,0,24.8,0.88,0.0,0.0,0.0,0.0,6.747007369995117,True
1757781572.5524116,242,320,240,False,,0.0,0,0,0,0,0,0,0,0,0,0,0,24.8,0.88,0.0,0.0,0.0,0.0,5.191802978515625,True
1757781572.5640044,243,320,240,False,,0.0,0,0,0,0,0,0,0,0,0,0,0,24.8,0.88,0.0,0.0,0.0,0.0,5.24449348449707,True
1757781572.575849,244,320,240,False,,0.0,0,0,0,0,0,0,0,0,0,0,0,24.8,0.88,0.0,0.0,0.0,0.0,5.225181579589844,True
1757781572.6399887,245,320,240,False,,0.0,0,0,0,0,0,0,0,0,0,0,0,24.8,0.88,0.0,0.0,0.0,0.0,6.626605987548828,True
1757781572.6517327,246,320,240,False,,0.0,0,0,0,0,0,0,0,0,0,0,0,24.8,0.88,0.0,0.0,0.0,0.0,5.156040191650391,True
1757781572.6740727,247,320,240,False,,0.0,0,0,0,0,0,0,0,0,0,0,0,24.8,0.88,0.0,0.0,0.0,0.0,5.212545394897461,True
1757781572.7060964,248,320,240,False,,0.0,0,0,0,0,0,0,0,0,0,0,0,24.8,0.88,0.0,0.0,0.0,0.0,5.2013397216796875,True
1757781572.7434795,249,320,240,False,,0.0,0,0,0,0,0,0,0,0,0,0,0,24.8,0.88,0.0,0.0,0.0,0.0,6.809234619140625,True
1757781572.7747426,250,320,240,False,,0.0,0,0,0,0,0,0,0,0,0,0,0,24.8,0.88,0.0,0.0,0.0,0.0,5.729198455810547,True
1757781572.8101192,251,320,240,False,,0.0,0,0,0,0,0,0,0,0,0,0,0,24.8,0.88,0.0,0.0,0.0,0.0,5.33604621887207,True
1757781572.8422096,252,320,240,False,,0.0,0,0,0,0,0,0,0,0,0,0,0,24.8,0.88,0.0,0.0,0.0,0.0,5.322933197021484,True
1757781572.8781347,253,320,240,False,,0.0,0,0,0,0,0,0,0,0,0,0,0,24.8,0.88,0.0,0.0,0.0,0.0,5.230188369750977,True
1757781572.9477046,254,320,240,False,,0.0,0,0,0,0,0,0,0,0,0,0,0,24.8,0.88,0.0,0.0,0.0,0.0,6.473064422607422,True
1757781572.9596117,255,320,240,False,,0.0,0,0,0,0,0,0,0,0,0,0,0,24.8,0.88,0.0,0.0,0.0,0.0,5.189657211303711,True
1757781573.0155332,256,320,240,False,,0.0,0,0,0,0,0,0,0,0,0,0,0,24.8,0.88,0.0,0.0,0.0,0.0,6.317377090454102,True
1757781573.0288136,257,320,240,False,,0.0,0,0,0,0,0,0,0,0,0,0,0,24.8,0.88,0.0,0.0,0.0,0.0,6.29115104675293,True
1757781573.1524844,258,320,240,False,,0.0,0,0,0,0,0,0,0,0,0,0,0,24.8,0.88,0.0,0.0,0.0,0.0,6.96110725402832,True
1757781573.1643686,259,320,240,False,,0.0,0,0,0,0,0,0,0,0,0,0,0,24.8,0.88,0.0,0.0,0.0,0.0,5.190134048461914,True
1757781573.1760175,260,320,240,False,,0.0,0,0,0,0,0,0,0,0,0,0,0,24.8,0.88,0.0,0.0,0.0,0.0,5.2776336669921875,True
1757781573.189454,261,320,240,False,,0.0,0,0,0,0,0,0,0,0,0,0,0,24.8,0.88,0.0,0.0,0.0,0.0,6.887674331665039,True
1757781573.213891,262,320,240,False,,0.0,0,0,0,0,0,0,0,0,0,0,0,24.8,0.88,0.0,0.0,0.0,0.0,5.275487899780273,True
1757781573.2525964,263,320,240,False,,0.0,0,0,0,0,0,0,0,0,0,0,0,24.8,0.88,0.0,0.0,0.0,0.0,6.969928741455078,True
1757781573.282223,264,320,240,False,,0.0,0,0,0,0,0,0,0,0,0,0,0,24.8,0.88,0.0,0.0,0.0,0.0,5.277872085571289,True
1757781573.3181987,265,320,240,False,,0.0,0,0,0,0,0,0,0,0,0,0,0,24.8,0.88,0.0,0.0,0.0,0.0,5.228757858276367,True
1757781573.3501558,266,320,240,False,,0.0,0,0,0,0,0,0,0,0,0,0,0,24.8,0.88,0.0,0.0,0.0,0.0,5.259990692138672,True
1757781573.388374,267,320,240,False,,0.0,0,0,0,0,0,0,0,0,0,0,0,24.8,0.88,0.0,0.0,0.0,0.0,6.838083267211914,True
1757781573.4178743,268,320,240,False,,0.0,0,0,0,0,0,0,0,0,0,0,0,24.8,0.88,0.0,0.0,0.0,0.0,5.276203155517578,True
1757781573.455313,269,320,240,False,,0.0,0,0,0,0,0,0,0,0,0,0,0,24.8,0.88,0.0,0.0,0.0,0.0,6.252050399780273,True
1757781573.4877744,270,320,240,False,,0.0,0,0,0,0,0,0,0,0,0,0,0,24.8,0.88,0.0,0.0,0.0,0.0,6.322622299194336,True
1757781573.5221205,271,320,240,False,,0.0,0,0,0,0,0,0,0,0,0,0,0,24.8,0.88,0.0,0.0,0.0,0.0,5.304574966430664,True
1757781573.5541563,272,320,240,False,,0.0,0,0,0,0,0,0,0,0,0,0,0,24.8,0.88,0.0,0.0,0.0,0.0,5.291461944580078,True
1757781573.5918427,273,320,240,False,,0.0,0,0,0,0,0,0,0,0,0,0,0,24.8,0.88,0.0,0.0,0.0,0.0,6.717920303344727,True
1757781573.6219177,274,320,240,False,,0.0,0,0,0,0,0,0,0,0,0,0,0,24.8,0.88,0.0,0.0,0.0,0.0,5.192995071411133,True
1757781573.6587434,275,320,240,False,,0.0,0,0,0,0,0,0,0,0,0,0,0,24.8,0.88,0.0,0.0,0.0,0.0,5.365133285522461,True
1757781573.690188,276,320,240,False,,0.0,0,0,0,0,0,0,0,0,0,0,0,24.8,0.88,0.0,0.0,0.0,0.0,5.243778228759766,True
1757781573.728164,277,320,240,False,,0.0,0,0,0,0,0,0,0,0,0,0,0,24.8,0.88,0.0,0.0,0.0,0.0,6.913185119628906,True
1757781573.7582178,278,320,240,False,,0.0,0,0,0,0,0,0,0,0,0,0,0,24.8,0.88,0.0,0.0,0.0,0.0,5.2776336669921875,True
1757781573.7943313,279,320,240,False,,0.0,0,0,0,0,0,0,0,0,0,0,0,24.8,0.88,0.0,0.0,0.0,0.0,5.3386688232421875,True
1757781573.8276265,280,320,240,False,,0.0,0,0,0,0,0,0,0,0,0,0,0,24.8,0.88,0.0,0.0,0.0,0.0,6.260156631469727,True
1757781573.8588305,281,320,240,False,,0.0,0,0,0,0,0,0,0,0,0,0,0,24.8,0.88,0.0,0.0,0.0,0.0,5.565881729125977,True
1757781573.8944979,282,320,240,False,,0.0,0,0,0,0,0,0,0,0,0,0,0,24.8,0.88,0.0,0.0,0.0,0.0,5.53131103515625,True
1757781573.9265766,283,320,240,False,,0.0,0,0,0,0,0,0,0,0,0,0,0,24.8,0.88,0.0,0.0,0.0,0.0,5.869150161743164,True
1757781573.9625738,284,320,240,False,,0.0,0,0,0,0,0,0,0,0,0,0,0,24.8,0.88,0.0,0.0,0.0,0.0,5.705118179321289,True
1757781573.9944353,285,320,240,False,,0.0,0,0,0,0,0,0,0,0,0,0,0,24.8,0.88,0.0,0.0,0.0,0.0,5.46717643737793,True
1757781574.031088,286,320,240,False,,0.0,0,0,0,0,0,0,0,0,0,0,0,24.8,0.88,0.0,0.0,0.0,0.0,6.361722946166992,True
1757781574.1317317,287,320,240,False,,0.0,0,0,0,0,0,0,0,0,0,0,0,24.8,0.88,0.0,0.0,0.0,0.0,6.859064102172852,True
1757781574.1454,288,320,240,False,,0.0,0,0,0,0,0,0,0,0,0,0,0,24.8,0.88,0.0,0.0,0.0,0.0,5.534887313842773,True
1757781574.1568503,289,320,240,False,,0.0,0,0,0,0,0,0,0,0,0,0,0,24.8,0.88,0.0,0.0,0.0,0.0,5.440235137939453,True
1757781574.169704,290,320,240,False,,0.0,0,0,0,0,0,0,0,0,0,0,0,24.8,0.88,0.0,0.0,0.0,0.0,5.609273910522461,True
1757781574.198404,291,320,240,False,,0.0,0,0,0,0,0,0,0,0,0,0,0,24.8,0.88,0.0,0.0,0.0,0.0,5.77545166015625,True
1757781574.2361927,292,320,240,False,,0.0,0,0,0,0,0,0,0,0,0,0,0,24.8,0.88,0.0,0.0,0.0,0.0,6.71076774597168,True
1757781574.2675846,293,320,240,False,,0.0,0,0,0,0,0,0,0,0,0,0,0,24.8,0.88,0.0,0.0,0.0,0.0,6.497859954833984,True
1757781574.3031266,294,320,240,False,,0.0,0,0,0,0,0,0,0,0,0,0,0,24.8,0.88,0.0,0.0,0.0,0.0,6.146669387817383,True
1757781574.4043992,295,320,240,False,,0.0,0,0,0,0,0,0,0,0,0,0,0,24.8,0.88,0.0,0.0,0.0,0.0,7.240056991577148,True
1757781574.4182103,296,320,240,False,,0.0,0,0,0,0,0,0,0,0,0,0,0,24.8,0.88,0.0,0.0,0.0,0.0,5.52058219909668,True
1757781574.429985,297,320,240,False,,0.0,0,0,0,0,0,0,0,0,0,0,0,24.8,0.88,0.0,0.0,0.0,0.0,5.524873733520508,True
1757781574.4423392,298,320,240,False,,0.0,0,0,0,0,0,0,0,0,0,0,0,24.8,0.88,0.0,0.0,0.0,0.0,5.631923675537109,True
1757781574.4720175,299,320,240,False,,0.0,0,0,0,0,0,0,0,0,0,0,0,24.8,0.88,0.0,0.0,0.0,0.0,6.881475448608398,True
1757781574.502971,300,320,240,False,,0.0,0,0,0,0,0,0,0,0,0,0,0,24.8,0.88,0.0,0.0,0.0,0.0,6.172895431518555,True
1757781574.538753,301,320,240,False,,0.0,0,0,0,0,0,0,0,0,0,0,0,24.8,0.88,0.0,0.0,0.0,0.0,5.977392196655273,True
1757781574.5703483,302,320,240,False,,0.0,0,0,0,0,0,0,0,0,0,0,0,24.8,0.88,0.0,0.0,0.0,0.0,5.847692489624023,True
1757781574.6763964,303,320,240,False,,0.0,0,0,0,0,0,0,0,0,0,0,0,24.8,0.88,0.0,0.0,0.0,0.0,6.809473037719727,True
1757781574.6886284,304,320,240,False,,0.0,0,0,0,0,0,0,0,0,0,0,0,24.8,0.88,0.0,0.0,0.0,0.0,5.554676055908203,True
1757781574.7006955,305,320,240,False,,0.0,0,0,0,0,0,0,0,0,0,0,0,24.8,0.88,0.0,0.0,0.0,0.0,5.68079948425293,True
1757781574.7129679,306,320,240,False,,0.0,0,0,0,0,0,0,0,0,0,0,0,24.8,0.88,0.0,0.0,0.0,0.0,5.55419921875,True
1757781574.742218,307,320,240,False,,0.0,0,0,0,0,0,0,0,0,0,0,0,24.8,0.88,0.0,0.0,0.0,0.0,5.48553466796875,True
1757781574.7742753,308,320,240,False,,0.0,0,0,0,0,0,0,0,0,0,0,0,24.8,0.88,0.0,0.0,0.0,0.0,5.555391311645508,True
1757781574.8107727,309,320,240,False,,0.0,0,0,0,0,0,0,0,0,0,0,0,24.8,0.88,0.0,0.0,0.0,0.0,5.717039108276367,True
1757781574.8424091,310,320,240,False,,0.0,0,0,0,0,0,0,0,0,0,0,0,24.8,0.88,0.0,0.0,0.0,0.0,5.694150924682617,True
1757781574.878234,311,320,240,False,,0.0,0,0,0,0,0,0,0,0,0,0,0,24.8,0.88,0.0,0.0,0.0,0.0,5.68389892578125,True
1757781574.913142,312,320,240,False,,0.0,0,0,0,0,0,0,0,0,0,0,0,24.8,0.88,0.0,0.0,0.0,0.0,6.84356689453125,True
1757781574.9466703,313,320,240,False,,0.0,0,0,0,0,0,0,0,0,0,0,0,24.8,0.88,0.0,0.0,0.0,0.0,5.678653717041016,True
1757781575.0169303,314,320,240,False,,0.0,0,0,0,0,0,0,0,0,0,0,0,24.8,0.88,0.0,0.0,0.0,0.0,7.373571395874023,True
1757781575.0308394,315,320,240,False,,0.0,0,0,0,0,0,0,0,0,0,0,0,24.8,0.88,0.0,0.0,0.0,0.0,7.2002410888671875,True
1757781575.0461617,316,320,240,False,,0.0,0,0,0,0,0,0,0,0,0,0,0,24.8,0.88,0.0,0.0,0.0,0.0,5.506753921508789,True
1757781575.082397,317,320,240,False,,0.0,0,0,0,0,0,0,0,0,0,0,0,24.8,0.88,0.0,0.0,0.0,0.0,5.689382553100586,True
1757781575.1142066,318,320,240,False,,0.0,0,0,0,0,0,0,0,0,0,0,0,24.8,0.88,0.0,0.0,0.0,0.0,5.568981170654297,True
1757781575.148181,319,320,240,False,,0.0,0,0,0,0,0,0,0,0,0,0,0,24.8,0.88,0.0,0.0,0.0,0.0,6.960868835449219,True
1757781575.2158654,320,320,240,False,,0.0,0,0,0,0,0,0,0,0,0,0,0,24.8,0.88,0.0,0.0,0.0,0.0,6.591558456420898,True
1757781575.2279572,321,320,240,False,,0.0,0,0,0,0,0,0,0,0,0,0,0,24.8,0.88,0.0,0.0,0.0,0.0,5.300760269165039,True
1757781575.321066,322,320,240,False,,0.0,0,0,0,0,0,0,0,0,0,0,0,24.8,0.88,0.0,0.0,0.0,0.0,7.413387298583984,True
1757781575.332841,323,320,240,False,,0.0,0,0,0,0,0,0,0,0,0,0,0,24.8,0.88,0.0,0.0,0.0,0.0,5.139827728271484,True
